Build started 7/15/2025 1:04:08 AM.
Logging verbosity is set to: Normal.     1>Project "D:\Repos\UnrealLogViewer\build\_deps\ftxui-build\screen.vcxproj" on node 2 (Build target(s)).
     1>PrepareForBuild:
         Structured output is enabled. The formatting of compiler diagnostics will reflect the error hierarchy. See https://aka.ms/cpp/structured-output for more details.
       InitializeBuildStatus:
         Creating "screen.dir\Debug\screen.tlog\unsuccessfulbuild" because "AlwaysCreate" was specified.
         Touching "screen.dir\Debug\screen.tlog\unsuccessfulbuild".
       CustomBuild:
         Building Custom Rule D:/Repos/UnrealLogViewer/build/_deps/ftxui-src/CMakeLists.txt
       ClCompile:
         C:\Program Files\Microsoft Visual Studio\2022\Community\VC\Tools\MSVC\14.38.33130\bin\HostX64\x64\CL.exe /c /I"D:\Repos\UnrealLogViewer\build\_deps\ftxui-src\src" /I"D:\Repos\UnrealLogViewer\build\_deps\ftxui-src\include" /Zi /nologo /W1 /WX- /diagnostics:column /Od /Ob0 /D _UNICODE /D UNICODE /D WIN32 /D _WINDOWS /D _CRT_SECURE_NO_WARNINGS /D UNICODE /D _UNICODE /D FTXUI_MICROSOFT_TERMINAL_FALLBACK /D "CMAKE_INTDIR=\"Debug\"" /EHsc /RTC1 /MDd /GS /fp:precise /Zc:wchar_t /Zc:forScope /Zc:inline /GR /std:c++17 /Fo"screen.dir\Debug\\" /Fd"D:\Repos\UnrealLogViewer\build\_deps\ftxui-build\Debug\ftxui-screen.pdb" /external:W1 /Gd /TP /wd4244 /wd4267 /errorReport:prompt  /utf-8 "D:\Repos\UnrealLogViewer\build\_deps\ftxui-src\src\ftxui\screen\box.cpp" "D:\Repos\UnrealLogViewer\build\_deps\ftxui-src\src\ftxui\screen\color.cpp" "D:\Repos\UnrealLogViewer\build\_deps\ftxui-src\src\ftxui\screen\color_info.cpp" "D:\Repos\UnrealLogViewer\build\_deps\ftxui-src\src\ftxui\screen\screen.cpp" "D:\Repos\UnrealLogViewer\build\_deps\ftxui-src\src\ftxui\screen\string.cpp" "D:\Repos\UnrealLogViewer\build\_deps\ftxui-src\src\ftxui\screen\terminal.cpp"
         box.cpp
         color.cpp
         color_info.cpp
         screen.cpp
         string.cpp
         terminal.cpp
         Generating Code...
       Lib:
         C:\Program Files\Microsoft Visual Studio\2022\Community\VC\Tools\MSVC\14.38.33130\bin\HostX64\x64\Lib.exe /OUT:"D:\Repos\UnrealLogViewer\build\_deps\ftxui-build\Debug\ftxui-screen.lib" /NOLOGO /MACHINE:X64  /machine:x64 screen.dir\Debug\box.obj
         screen.dir\Debug\color.obj
         screen.dir\Debug\color_info.obj
         screen.dir\Debug\screen.obj
         screen.dir\Debug\string.obj
         screen.dir\Debug\terminal.obj
         screen.vcxproj -> D:\Repos\UnrealLogViewer\build\_deps\ftxui-build\Debug\ftxui-screen.lib
       FinalizeBuildStatus:
         Deleting file "screen.dir\Debug\screen.tlog\unsuccessfulbuild".
         Touching "screen.dir\Debug\screen.tlog\screen.lastbuildstate".
     1>Done Building Project "D:\Repos\UnrealLogViewer\build\_deps\ftxui-build\screen.vcxproj" (Build target(s)).

Project Performance Summary:
        2 ms  D:\Repos\UnrealLogViewer\build\ZERO_CHECK.vcxproj   4 calls
                  0 ms  GetTargetPath                              1 calls
                  1 ms  GetNativeManifest                          1 calls
                  1 ms  GetProjectInfoForReference                 1 calls
                  1 ms  GetCopyToOutputDirectoryItems              1 calls
     1606 ms  D:\Repos\UnrealLogViewer\build\_deps\ftxui-build\screen.vcxproj   1 calls
               1606 ms  Build                                      1 calls

Target Performance Summary:
        0 ms  _CheckForInvalidConfigurationAndPlatform   1 calls
        0 ms  _Manifest                                  1 calls
        0 ms  _ALink                                     1 calls
        0 ms  ComputeLegacyManifestEmbedding             1 calls
        0 ms  BuildLinkTraverse                          1 calls
        0 ms  BuildCompile                               1 calls
        0 ms  _BuildCompileAction                        1 calls
        0 ms  AfterBuildCompileEvent                     1 calls
        0 ms  _Lib                                       1 calls
        0 ms  AfterLib                                   1 calls
        0 ms  PreLinkEvent                               1 calls
        0 ms  DoLibOutputFilesMatch                      1 calls
        0 ms  MakeDirsForLib                             1 calls
        0 ms  ComputeReferenceLibInputs                  1 calls
        0 ms  ResolvedLinkLib                            1 calls
        0 ms  ComputeLibInputsFromProject                1 calls
        0 ms  ComputeCLGeneratedLibInputs                1 calls
        0 ms  ComputeRCGeneratedLibInputs                1 calls
        0 ms  ComputeRCOutputs                           1 calls
        0 ms  ComputeLibAdditionalOptions                1 calls
        0 ms  BeforeLib                                  1 calls
        0 ms  _ResourceCompile                           1 calls
        0 ms  AfterResourceCompile                       1 calls
        0 ms  MakeDirsForResourceCompile                 1 calls
        0 ms  BeforeResourceCompile                      1 calls
        0 ms  _ClCompile                                 1 calls
        0 ms  AfterClCompile                             1 calls
        0 ms  SelectClCompile                            1 calls
        0 ms  RegisterOutput                             1 calls
        0 ms  ResolvedXDCMake                            1 calls
        0 ms  ComputeCLCompileGeneratedXDCFiles          1 calls
        0 ms  MakeDirsForXdcMake                         1 calls
        0 ms  IncrementalClean                           1 calls
        0 ms  _CleanGetCurrentAndPriorFileWrites         1 calls
        0 ms  AfterBuild                                 1 calls
        0 ms  BuildLink                                  1 calls
        0 ms  _BuildLinkAction                           1 calls
        0 ms  PostBuildEvent                             1 calls
        0 ms  PrepareForRun                              1 calls
        0 ms  _CheckForCompileOutputs                    1 calls
        0 ms  _CopySourceItemsToOutputDirectory          1 calls
        0 ms  _GetCopyToOutputDirectoryItemsFromThisProject   2 calls
        0 ms  GetCopyToOutputDirectoryXamlAppDefs        2 calls
        0 ms  _PopulateCommonStateForGetCopyToOutputDirectoryItems   2 calls
        0 ms  _Deploy                                    1 calls
        0 ms  MakeDirsForCl                              1 calls
        0 ms  _Appverifier                               1 calls
        0 ms  _GenerateSatelliteAssemblyInputs           1 calls
        0 ms  ContentFilesProjectOutputGroup             1 calls
        0 ms  MakeDirsForFxc                             1 calls
        0 ms  SatelliteDllsProjectOutputGroup            1 calls
        0 ms  PrepareResourceNames                       1 calls
        0 ms  CreateCustomManifestResourceNames          1 calls
        0 ms  SplitResourcesByCulture                    1 calls
        0 ms  AssignTargetPaths                          1 calls
        0 ms  BuiltProjectOutputGroup                    1 calls
        0 ms  _BscMake                                   1 calls
        0 ms  MakeDirsForBscMake                         1 calls
        0 ms  ComputeCLCompileGeneratedSbrFiles          1 calls
        0 ms  _XdcMake                                   1 calls
        0 ms  CreateSatelliteAssemblies                  1 calls
        0 ms  FixupCLCompileOptions                      1 calls
        0 ms  Build                                      1 calls
        0 ms  ComputeReferenceCLInput                    1 calls
        0 ms  AssignProjectConfiguration                 1 calls
        0 ms  ComputeCustomBuildOutput                   1 calls
        0 ms  SelectCustomBuild                          1 calls
        0 ms  _SelectedFiles                             1 calls
        0 ms  PreBuildEvent                              1 calls
        0 ms  BeforeBuildGenerateSources                 1 calls
        0 ms  BuildGenerateSourcesTraverse               1 calls
        0 ms  _SplitProjectReferencesByFileExistence     1 calls
        0 ms  ResolveReferences                          1 calls
        0 ms  AfterResolveReferences                     1 calls
        0 ms  IgnoreJavaScriptOutputAssembly             1 calls
        0 ms  _AddOutputPathToGlobalPropertiesToRemove   1 calls
        0 ms  ResolveSDKReferences                       1 calls
        0 ms  SetCABuildNativeEnvironmentVariables       1 calls
        0 ms  _CheckWindowsSDKInstalled                  1 calls
        0 ms  GetResolvedWinMD                           1 calls
        0 ms  PrepareProjectReferences                   1 calls
        0 ms  AddExternalIncludDirectoriesToPaths        1 calls
        0 ms  GetReferenceAssemblyPaths                  1 calls
        0 ms  _RemoveNameMetadataFromProjectReferenceItems   1 calls
        0 ms  GetFrameworkPaths                          1 calls
        0 ms  GetNativeManifest                          1 calls
        0 ms  ExpandSDKReferences                        1 calls
        0 ms  GetTargetPath                              1 calls
        0 ms  _Xsd                                       1 calls
        0 ms  ComputeMIDLGeneratedCompileInputs          1 calls
        0 ms  GetProjectInfoForReference                 1 calls
        0 ms  AddLibrariesToProjectsInfoForReference     1 calls
        0 ms  GetResolvedLinkLibs                        1 calls
        0 ms  AddDeployRecipeFileToProjectsInfoForReference   1 calls
        0 ms  AddPublicBMIsToProjectsInfoForReference    1 calls
        0 ms  SetTelemetryEnvironmentVariables           1 calls
        0 ms  AddPublicIncludeDirectoriesToProjectsInfoForReference   1 calls
        0 ms  GetPublicIncludeDirectories                1 calls
        0 ms  DisableProjectReferenceRecursionForClInputs   1 calls
        0 ms  MakeDirsForMidl                            1 calls
        0 ms  FindReferenceAssembliesForReferences       1 calls
        0 ms  _PrepareForBuild                           1 calls
        0 ms  BeforeClCompile                            1 calls
        0 ms  BuildCompileTraverse                       1 calls
        0 ms  BuildGenerateSources                       1 calls
        0 ms  _BuildGenerateSourcesAction                1 calls
        0 ms  AfterBuildGenerateSourcesEvent             1 calls
        0 ms  AfterBuildGenerateSources                  1 calls
        0 ms  _Midl                                      1 calls
        0 ms  BeforeResolveReferences                    1 calls
        0 ms  AfterMidl                                  1 calls
        0 ms  ComputeCLInputPDBName                      2 calls
        0 ms  GetTargetPathWithTargetPlatformMoniker     1 calls
        1 ms  TlogCleanup                                1 calls
        1 ms  PrepareForBuild                            1 calls
        1 ms  ComputeCLOutputs                           1 calls
        1 ms  InitializeBuildStatus                      1 calls
        1 ms  ComputeStdModulesCompileInputs             1 calls
        1 ms  FinalizeBuildStatus                        1 calls
        1 ms  CreateRecipeFile                           1 calls
        1 ms  ResolveAssemblyReferences                  1 calls
        1 ms  CopyFileToFolders                          1 calls
        1 ms  WarnCompileDuplicatedFilename              2 calls
        1 ms  SetBuildDefaultEnvironmentVariables        1 calls
        1 ms  _PrepareForReferenceResolution             1 calls
        1 ms  CopyFilesToOutputDirectory                 1 calls
        1 ms  _GetProjectReferenceTargetFrameworkProperties   1 calls
        2 ms  _GetCopyToOutputDirectoryItemsFromTransitiveProjectReferences   2 calls
        3 ms  GetReferencedVCProjectsInfo                1 calls
        3 ms  GetCopyToOutputDirectoryItems              2 calls
       12 ms  ResolveProjectReferences                   1 calls
       57 ms  CustomBuild                                1 calls
       93 ms  Lib                                        1 calls
     1424 ms  ClCompile                                  1 calls

Build succeeded.
    0 Warning(s)
    0 Error(s)

Time Elapsed 00:00:01.60
