Build started 7/15/2025 1:04:30 AM.
Logging verbosity is set to: Normal.     1>Project "D:\Repos\UnrealLogViewer\build\ALL_BUILD.vcxproj" on node 2 (Build target(s)).
     1>PrepareForBuild:
         Structured output is enabled. The formatting of compiler diagnostics will reflect the error hierarchy. See https://aka.ms/cpp/structured-output for more details.
       InitializeBuildStatus:
         Creating "x64\Debug\ALL_BUILD\ALL_BUILD.tlog\unsuccessfulbuild" because "AlwaysCreate" was specified.
         Touching "x64\Debug\ALL_BUILD\ALL_BUILD.tlog\unsuccessfulbuild".
       CustomBuild:
         Building Custom Rule D:/Repos/UnrealLogViewer/CMakeLists.txt
       FinalizeBuildStatus:
         Deleting file "x64\Debug\ALL_BUILD\ALL_BUILD.tlog\unsuccessfulbuild".
         Touching "x64\Debug\ALL_BUILD\ALL_BUILD.tlog\ALL_BUILD.lastbuildstate".
     1>Done Building Project "D:\Repos\UnrealLogViewer\build\ALL_BUILD.vcxproj" (Build target(s)).

Project Performance Summary:
        0 ms  D:\Repos\UnrealLogViewer\build\ZERO_CHECK.vcxproj   3 calls
                  0 ms  GetTargetPath                              1 calls
                  0 ms  GetNativeManifest                          1 calls
                  0 ms  GetProjectInfoForReference                 1 calls
        2 ms  D:\Repos\UnrealLogViewer\build\unreal_log_viewer.vcxproj   3 calls
                  0 ms  GetTargetPath                              1 calls
                  1 ms  GetNativeManifest                          1 calls
                  1 ms  GetProjectInfoForReference                 1 calls
       65 ms  D:\Repos\UnrealLogViewer\build\ALL_BUILD.vcxproj   1 calls
                 65 ms  Build                                      1 calls

Target Performance Summary:
        0 ms  MakeDirsForMidl                            1 calls
        0 ms  CreateCustomManifestResourceNames          1 calls
        0 ms  SplitResourcesByCulture                    1 calls
        0 ms  AssignTargetPaths                          1 calls
        0 ms  BuiltProjectOutputGroup                    1 calls
        0 ms  BuildLinkTraverse                          1 calls
        0 ms  BuildCompile                               1 calls
        0 ms  _BuildCompileAction                        1 calls
        0 ms  BuildCompileTraverse                       1 calls
        0 ms  BuildGenerateSources                       1 calls
        0 ms  _BuildGenerateSourcesAction                1 calls
        0 ms  AfterBuildGenerateSourcesEvent             1 calls
        0 ms  AfterBuildGenerateSources                  1 calls
        0 ms  _Midl                                      1 calls
        0 ms  AfterMidl                                  1 calls
        0 ms  ComputeMIDLGeneratedCompileInputs          1 calls
        0 ms  PrepareResourceNames                       1 calls
        0 ms  FinalizeBuildStatus                        1 calls
        0 ms  SatelliteDllsProjectOutputGroup            1 calls
        0 ms  ContentFilesProjectOutputGroup             1 calls
        0 ms  TlogCleanup                                1 calls
        0 ms  IncrementalClean                           1 calls
        0 ms  _CheckForCompileOutputs                    1 calls
        0 ms  AfterBuild                                 1 calls
        0 ms  BuildLink                                  1 calls
        0 ms  _BuildLinkAction                           1 calls
        0 ms  PostBuildEvent                             1 calls
        0 ms  CreateRecipeFile                           1 calls
        0 ms  GetProjectInfoForReference                 1 calls
        0 ms  AddLibrariesToProjectsInfoForReference     1 calls
        0 ms  AddDeployRecipeFileToProjectsInfoForReference   1 calls
        0 ms  AddPublicBMIsToProjectsInfoForReference    1 calls
        0 ms  AddPublicIncludeDirectoriesToProjectsInfoForReference   1 calls
        0 ms  GetPublicIncludeDirectories                1 calls
        0 ms  DisableProjectReferenceRecursionForClInputs   1 calls
        0 ms  MakeDirsForFxc                             1 calls
        0 ms  _Xsd                                       1 calls
        0 ms  Build                                      1 calls
        0 ms  GetFrameworkPaths                          1 calls
        0 ms  _AddOutputPathToGlobalPropertiesToRemove   1 calls
        0 ms  _RemoveNameMetadataFromProjectReferenceItems   1 calls
        0 ms  AssignProjectConfiguration                 1 calls
        0 ms  GetTargetPathWithTargetPlatformMoniker     1 calls
        0 ms  GetTargetPath                              1 calls
        0 ms  GetNativeManifest                          1 calls
        0 ms  IgnoreJavaScriptOutputAssembly             1 calls
        0 ms  CopyFileToFolders                          1 calls
        0 ms  BeforeResolveReferences                    1 calls
        0 ms  AddExternalIncludDirectoriesToPaths        1 calls
        0 ms  SetBuildDefaultEnvironmentVariables        1 calls
        0 ms  GetResolvedWinMD                           1 calls
        0 ms  _CheckWindowsSDKInstalled                  1 calls
        0 ms  SetCABuildNativeEnvironmentVariables       1 calls
        0 ms  _PrepareForReferenceResolution             1 calls
        0 ms  ResolveSDKReferences                       1 calls
        0 ms  ExpandSDKReferences                        1 calls
        0 ms  ResolveAssemblyReferences                  1 calls
        0 ms  AfterResolveReferences                     1 calls
        0 ms  ResolveReferences                          1 calls
        0 ms  _PrepareForBuild                           1 calls
        0 ms  BuildGenerateSourcesTraverse               1 calls
        0 ms  BeforeBuildGenerateSources                 1 calls
        0 ms  PreBuildEvent                              1 calls
        0 ms  _SelectedFiles                             1 calls
        0 ms  SetTelemetryEnvironmentVariables           1 calls
        0 ms  ComputeCustomBuildOutput                   1 calls
        0 ms  PrepareProjectReferences                   1 calls
        0 ms  _GetProjectReferenceTargetFrameworkProperties   1 calls
        1 ms  _CheckForInvalidConfigurationAndPlatform   1 calls
        1 ms  GetReferenceAssemblyPaths                  1 calls
        1 ms  GetResolvedLinkLibs                        1 calls
        1 ms  _CleanGetCurrentAndPriorFileWrites         1 calls
        1 ms  SelectCustomBuild                          1 calls
        1 ms  _SplitProjectReferencesByFileExistence     1 calls
        2 ms  InitializeBuildStatus                      1 calls
        2 ms  PrepareForBuild                            1 calls
        3 ms  ResolveProjectReferences                   1 calls
        3 ms  GetReferencedVCProjectsInfo                1 calls
       50 ms  CustomBuild                                1 calls

Build succeeded.
    0 Warning(s)
    0 Error(s)

Time Elapsed 00:00:00.06
