Build started 7/15/2025 1:04:10 AM.
Logging verbosity is set to: Normal.     1>Project "D:\Repos\UnrealLogViewer\build\_deps\ftxui-build\dom.vcxproj" on node 2 (Build target(s)).
     1>PrepareForBuild:
         Structured output is enabled. The formatting of compiler diagnostics will reflect the error hierarchy. See https://aka.ms/cpp/structured-output for more details.
       InitializeBuildStatus:
         Creating "dom.dir\Debug\dom.tlog\unsuccessfulbuild" because "AlwaysCreate" was specified.
         Touching "dom.dir\Debug\dom.tlog\unsuccessfulbuild".
       CustomBuild:
         Building Custom Rule D:/Repos/UnrealLogViewer/build/_deps/ftxui-src/CMakeLists.txt
       ClCompile:
         C:\Program Files\Microsoft Visual Studio\2022\Community\VC\Tools\MSVC\14.38.33130\bin\HostX64\x64\CL.exe /c /I"D:\Repos\UnrealLogViewer\build\_deps\ftxui-src\src" /Zi /nologo /W1 /WX- /diagnostics:column /Od /Ob0 /D _UNICODE /D UNICODE /D WIN32 /D _WINDOWS /D _CRT_SECURE_NO_WARNINGS /D UNICODE /D _UNICODE /D FTXUI_MICROSOFT_TERMINAL_FALLBACK /D "CMAKE_INTDIR=\"Debug\"" /EHsc /RTC1 /MDd /GS /fp:precise /Zc:wchar_t /Zc:forScope /Zc:inline /GR /std:c++17 /Fo"dom.dir\Debug\\" /Fd"D:\Repos\UnrealLogViewer\build\_deps\ftxui-build\Debug\ftxui-dom.pdb" /external:W0 /Gd /TP /wd4244 /wd4267 /errorReport:prompt  /external:I "D:/Repos/UnrealLogViewer/build/_deps/ftxui-src/include" /utf-8 "D:\Repos\UnrealLogViewer\build\_deps\ftxui-src\src\ftxui\dom\automerge.cpp" "D:\Repos\UnrealLogViewer\build\_deps\ftxui-src\src\ftxui\dom\blink.cpp" "D:\Repos\UnrealLogViewer\build\_deps\ftxui-src\src\ftxui\dom\bold.cpp" "D:\Repos\UnrealLogViewer\build\_deps\ftxui-src\src\ftxui\dom\hyperlink.cpp" "D:\Repos\UnrealLogViewer\build\_deps\ftxui-src\src\ftxui\dom\border.cpp" "D:\Repos\UnrealLogViewer\build\_deps\ftxui-src\src\ftxui\dom\box_helper.cpp" "D:\Repos\UnrealLogViewer\build\_deps\ftxui-src\src\ftxui\dom\canvas.cpp" "D:\Repos\UnrealLogViewer\build\_deps\ftxui-src\src\ftxui\dom\clear_under.cpp" "D:\Repos\UnrealLogViewer\build\_deps\ftxui-src\src\ftxui\dom\color.cpp" "D:\Repos\UnrealLogViewer\build\_deps\ftxui-src\src\ftxui\dom\composite_decorator.cpp" "D:\Repos\UnrealLogViewer\build\_deps\ftxui-src\src\ftxui\dom\dbox.cpp" "D:\Repos\UnrealLogViewer\build\_deps\ftxui-src\src\ftxui\dom\dim.cpp" "D:\Repos\UnrealLogViewer\build\_deps\ftxui-src\src\ftxui\dom\flex.cpp" "D:\Repos\UnrealLogViewer\build\_deps\ftxui-src\src\ftxui\dom\flexbox.cpp" "D:\Repos\UnrealLogViewer\build\_deps\ftxui-src\src\ftxui\dom\flexbox_config.cpp" "D:\Repos\UnrealLogViewer\build\_deps\ftxui-src\src\ftxui\dom\flexbox_helper.cpp" "D:\Repos\UnrealLogViewer\build\_deps\ftxui-src\src\ftxui\dom\focus.cpp" "D:\Repos\UnrealLogViewer\build\_deps\ftxui-src\src\ftxui\dom\frame.cpp" "D:\Repos\UnrealLogViewer\build\_deps\ftxui-src\src\ftxui\dom\gauge.cpp" "D:\Repos\UnrealLogViewer\build\_deps\ftxui-src\src\ftxui\dom\graph.cpp" "D:\Repos\UnrealLogViewer\build\_deps\ftxui-src\src\ftxui\dom\gridbox.cpp" "D:\Repos\UnrealLogViewer\build\_deps\ftxui-src\src\ftxui\dom\hbox.cpp" "D:\Repos\UnrealLogViewer\build\_deps\ftxui-src\src\ftxui\dom\inverted.cpp" "D:\Repos\UnrealLogViewer\build\_deps\ftxui-src\src\ftxui\dom\linear_gradient.cpp" "D:\Repos\UnrealLogViewer\build\_deps\ftxui-src\src\ftxui\dom\node.cpp" "D:\Repos\UnrealLogViewer\build\_deps\ftxui-src\src\ftxui\dom\node_decorator.cpp" "D:\Repos\UnrealLogViewer\build\_deps\ftxui-src\src\ftxui\dom\paragraph.cpp" "D:\Repos\UnrealLogViewer\build\_deps\ftxui-src\src\ftxui\dom\reflect.cpp" "D:\Repos\UnrealLogViewer\build\_deps\ftxui-src\src\ftxui\dom\scroll_indicator.cpp" "D:\Repos\UnrealLogViewer\build\_deps\ftxui-src\src\ftxui\dom\separator.cpp" "D:\Repos\UnrealLogViewer\build\_deps\ftxui-src\src\ftxui\dom\size.cpp" "D:\Repos\UnrealLogViewer\build\_deps\ftxui-src\src\ftxui\dom\spinner.cpp" "D:\Repos\UnrealLogViewer\build\_deps\ftxui-src\src\ftxui\dom\strikethrough.cpp" "D:\Repos\UnrealLogViewer\build\_deps\ftxui-src\src\ftxui\dom\table.cpp" "D:\Repos\UnrealLogViewer\build\_deps\ftxui-src\src\ftxui\dom\text.cpp" "D:\Repos\UnrealLogViewer\build\_deps\ftxui-src\src\ftxui\dom\underlined.cpp" "D:\Repos\UnrealLogViewer\build\_deps\ftxui-src\src\ftxui\dom\underlined_double.cpp" "D:\Repos\UnrealLogViewer\build\_deps\ftxui-src\src\ftxui\dom\util.cpp" "D:\Repos\UnrealLogViewer\build\_deps\ftxui-src\src\ftxui\dom\vbox.cpp"
         automerge.cpp
         blink.cpp
         bold.cpp
         hyperlink.cpp
         border.cpp
         box_helper.cpp
         canvas.cpp
         clear_under.cpp
         color.cpp
         composite_decorator.cpp
         dbox.cpp
         dim.cpp
         flex.cpp
         flexbox.cpp
         flexbox_config.cpp
         flexbox_helper.cpp
         focus.cpp
         frame.cpp
         gauge.cpp
         graph.cpp
         Generating Code...
         Compiling...
         gridbox.cpp
         hbox.cpp
         inverted.cpp
         linear_gradient.cpp
         node.cpp
         node_decorator.cpp
         paragraph.cpp
         reflect.cpp
         scroll_indicator.cpp
         separator.cpp
         size.cpp
         spinner.cpp
         strikethrough.cpp
         table.cpp
         text.cpp
         underlined.cpp
         underlined_double.cpp
         util.cpp
         vbox.cpp
         Generating Code...
       Lib:
         C:\Program Files\Microsoft Visual Studio\2022\Community\VC\Tools\MSVC\14.38.33130\bin\HostX64\x64\Lib.exe /OUT:"D:\Repos\UnrealLogViewer\build\_deps\ftxui-build\Debug\ftxui-dom.lib" /NOLOGO /MACHINE:X64  /machine:x64 dom.dir\Debug\automerge.obj
         dom.dir\Debug\blink.obj
         dom.dir\Debug\bold.obj
         dom.dir\Debug\hyperlink.obj
         dom.dir\Debug\border.obj
         dom.dir\Debug\box_helper.obj
         dom.dir\Debug\canvas.obj
         dom.dir\Debug\clear_under.obj
         dom.dir\Debug\color.obj
         dom.dir\Debug\composite_decorator.obj
         dom.dir\Debug\dbox.obj
         dom.dir\Debug\dim.obj
         dom.dir\Debug\flex.obj
         dom.dir\Debug\flexbox.obj
         dom.dir\Debug\flexbox_config.obj
         dom.dir\Debug\flexbox_helper.obj
         dom.dir\Debug\focus.obj
         dom.dir\Debug\frame.obj
         dom.dir\Debug\gauge.obj
         dom.dir\Debug\graph.obj
         dom.dir\Debug\gridbox.obj
         dom.dir\Debug\hbox.obj
         dom.dir\Debug\inverted.obj
         dom.dir\Debug\linear_gradient.obj
         dom.dir\Debug\node.obj
         dom.dir\Debug\node_decorator.obj
         dom.dir\Debug\paragraph.obj
         dom.dir\Debug\reflect.obj
         dom.dir\Debug\scroll_indicator.obj
         dom.dir\Debug\separator.obj
         dom.dir\Debug\size.obj
         dom.dir\Debug\spinner.obj
         dom.dir\Debug\strikethrough.obj
         dom.dir\Debug\table.obj
         dom.dir\Debug\text.obj
         dom.dir\Debug\underlined.obj
         dom.dir\Debug\underlined_double.obj
         dom.dir\Debug\util.obj
         dom.dir\Debug\vbox.obj
         dom.vcxproj -> D:\Repos\UnrealLogViewer\build\_deps\ftxui-build\Debug\ftxui-dom.lib
       FinalizeBuildStatus:
         Deleting file "dom.dir\Debug\dom.tlog\unsuccessfulbuild".
         Touching "dom.dir\Debug\dom.tlog\dom.lastbuildstate".
     1>Done Building Project "D:\Repos\UnrealLogViewer\build\_deps\ftxui-build\dom.vcxproj" (Build target(s)).

Project Performance Summary:
        0 ms  D:\Repos\UnrealLogViewer\build\ZERO_CHECK.vcxproj   4 calls
                  0 ms  GetTargetPath                              1 calls
                  0 ms  GetNativeManifest                          1 calls
                  0 ms  GetProjectInfoForReference                 1 calls
                  0 ms  GetCopyToOutputDirectoryItems              1 calls
        2 ms  D:\Repos\UnrealLogViewer\build\_deps\ftxui-build\screen.vcxproj   4 calls
                  0 ms  GetTargetPath                              1 calls
                  1 ms  GetNativeManifest                          1 calls
                  1 ms  GetProjectInfoForReference                 1 calls
                  0 ms  GetCopyToOutputDirectoryItems              1 calls
     9638 ms  D:\Repos\UnrealLogViewer\build\_deps\ftxui-build\dom.vcxproj   1 calls
               9638 ms  Build                                      1 calls

Target Performance Summary:
        0 ms  _CheckForInvalidConfigurationAndPlatform   1 calls
        0 ms  RegisterOutput                             1 calls
        0 ms  _Manifest                                  1 calls
        0 ms  _ALink                                     1 calls
        0 ms  ComputeLegacyManifestEmbedding             1 calls
        0 ms  BuildLinkTraverse                          1 calls
        0 ms  BuildCompile                               1 calls
        0 ms  _BuildCompileAction                        1 calls
        0 ms  AfterBuildCompileEvent                     1 calls
        0 ms  _Lib                                       1 calls
        0 ms  AfterLib                                   1 calls
        0 ms  PreLinkEvent                               1 calls
        0 ms  MakeDirsForLib                             1 calls
        0 ms  ComputeReferenceLibInputs                  1 calls
        0 ms  ResolvedLinkLib                            1 calls
        0 ms  ComputeLibInputsFromProject                1 calls
        0 ms  ComputeCLGeneratedLibInputs                1 calls
        0 ms  ComputeCLOutputs                           1 calls
        0 ms  ComputeRCGeneratedLibInputs                1 calls
        0 ms  ComputeRCOutputs                           1 calls
        0 ms  ComputeLibAdditionalOptions                1 calls
        0 ms  BeforeLib                                  1 calls
        0 ms  _ResourceCompile                           1 calls
        0 ms  AfterResourceCompile                       1 calls
        0 ms  MakeDirsForResourceCompile                 1 calls
        0 ms  BeforeResourceCompile                      1 calls
        0 ms  _ClCompile                                 1 calls
        0 ms  AfterClCompile                             1 calls
        0 ms  ResolvedXDCMake                            1 calls
        0 ms  SelectClCompile                            1 calls
        0 ms  ComputeCLCompileGeneratedXDCFiles          1 calls
        0 ms  _XdcMake                                   1 calls
        0 ms  IncrementalClean                           1 calls
        0 ms  _CleanGetCurrentAndPriorFileWrites         1 calls
        0 ms  AfterBuild                                 1 calls
        0 ms  BuildLink                                  1 calls
        0 ms  _BuildLinkAction                           1 calls
        0 ms  PostBuildEvent                             1 calls
        0 ms  PrepareForRun                              1 calls
        0 ms  CopyFilesToOutputDirectory                 1 calls
        0 ms  _CheckForCompileOutputs                    1 calls
        0 ms  _CopySourceItemsToOutputDirectory          1 calls
        0 ms  _GetCopyToOutputDirectoryItemsFromThisProject   1 calls
        0 ms  GetCopyToOutputDirectoryXamlAppDefs        1 calls
        0 ms  _PopulateCommonStateForGetCopyToOutputDirectoryItems   1 calls
        0 ms  _Deploy                                    1 calls
        0 ms  _Appverifier                               1 calls
        0 ms  CreateSatelliteAssemblies                  1 calls
        0 ms  _GenerateSatelliteAssemblyInputs           1 calls
        0 ms  ContentFilesProjectOutputGroup             1 calls
        0 ms  MakeDirsForFxc                             1 calls
        0 ms  SatelliteDllsProjectOutputGroup            1 calls
        0 ms  PrepareResourceNames                       1 calls
        0 ms  CreateCustomManifestResourceNames          1 calls
        0 ms  SplitResourcesByCulture                    1 calls
        0 ms  BuiltProjectOutputGroup                    1 calls
        0 ms  _BscMake                                   1 calls
        0 ms  MakeDirsForBscMake                         1 calls
        0 ms  ComputeCLCompileGeneratedSbrFiles          1 calls
        0 ms  MakeDirsForXdcMake                         1 calls
        0 ms  ComputeStdModulesCompileInputs             1 calls
        0 ms  Build                                      1 calls
        0 ms  ComputeReferenceCLInput                    1 calls
        0 ms  _SelectedFiles                             1 calls
        0 ms  BeforeBuildGenerateSources                 1 calls
        0 ms  ResolveReferences                          1 calls
        0 ms  AfterResolveReferences                     1 calls
        0 ms  ResolveAssemblyReferences                  1 calls
        0 ms  ExpandSDKReferences                        1 calls
        0 ms  ResolveSDKReferences                       1 calls
        0 ms  SetCABuildNativeEnvironmentVariables       1 calls
        0 ms  _CheckWindowsSDKInstalled                  1 calls
        0 ms  GetResolvedWinMD                           1 calls
        0 ms  SetBuildDefaultEnvironmentVariables        1 calls
        0 ms  AddExternalIncludDirectoriesToPaths        1 calls
        0 ms  GetReferenceAssemblyPaths                  1 calls
        0 ms  GetFrameworkPaths                          1 calls
        0 ms  GetTargetPath                              1 calls
        0 ms  GetTargetPathWithTargetPlatformMoniker     1 calls
        0 ms  _RemoveNameMetadataFromProjectReferenceItems   1 calls
        0 ms  PrepareProjectReferences                   1 calls
        0 ms  _AddOutputPathToGlobalPropertiesToRemove   1 calls
        0 ms  _SplitProjectReferencesByFileExistence     1 calls
        0 ms  AssignProjectConfiguration                 1 calls
        0 ms  IgnoreJavaScriptOutputAssembly             1 calls
        0 ms  BeforeResolveReferences                    1 calls
        0 ms  _PrepareForReferenceResolution             1 calls
        0 ms  _PrepareForBuild                           1 calls
        0 ms  SelectCustomBuild                          1 calls
        0 ms  ComputeCustomBuildOutput                   1 calls
        0 ms  BuildGenerateSourcesTraverse               1 calls
        0 ms  FindReferenceAssembliesForReferences       1 calls
        0 ms  GetProjectInfoForReference                 1 calls
        0 ms  AddLibrariesToProjectsInfoForReference     1 calls
        0 ms  AddDeployRecipeFileToProjectsInfoForReference   1 calls
        0 ms  AddPublicBMIsToProjectsInfoForReference    1 calls
        0 ms  AddPublicIncludeDirectoriesToProjectsInfoForReference   1 calls
        0 ms  GetPublicIncludeDirectories                1 calls
        0 ms  DisableProjectReferenceRecursionForClInputs   1 calls
        0 ms  CopyFileToFolders                          1 calls
        0 ms  BeforeClCompile                            1 calls
        0 ms  BuildGenerateSources                       1 calls
        0 ms  _BuildGenerateSourcesAction                1 calls
        0 ms  ComputeCLInputPDBName                      1 calls
        0 ms  ComputeMIDLGeneratedCompileInputs          1 calls
        0 ms  _Xsd                                       1 calls
        0 ms  AfterBuildGenerateSources                  1 calls
        0 ms  AfterMidl                                  1 calls
        0 ms  AfterBuildGenerateSourcesEvent             1 calls
        0 ms  _Midl                                      1 calls
        0 ms  MakeDirsForMidl                            1 calls
        1 ms  AssignTargetPaths                          1 calls
        1 ms  WarnCompileDuplicatedFilename              1 calls
        1 ms  BuildCompileTraverse                       1 calls
        1 ms  FinalizeBuildStatus                        1 calls
        1 ms  InitializeBuildStatus                      1 calls
        1 ms  GetNativeManifest                          1 calls
        1 ms  _GetProjectReferenceTargetFrameworkProperties   1 calls
        1 ms  GetCopyToOutputDirectoryItems              1 calls
        1 ms  _GetCopyToOutputDirectoryItemsFromTransitiveProjectReferences   1 calls
        1 ms  GetResolvedLinkLibs                        1 calls
        1 ms  PreBuildEvent                              1 calls
        1 ms  TlogCleanup                                1 calls
        1 ms  SetTelemetryEnvironmentVariables           1 calls
        1 ms  DoLibOutputFilesMatch                      1 calls
        1 ms  MakeDirsForCl                              1 calls
        2 ms  CreateRecipeFile                           1 calls
        3 ms  FixupCLCompileOptions                      1 calls
        3 ms  ResolveProjectReferences                   1 calls
        3 ms  GetReferencedVCProjectsInfo                1 calls
        5 ms  PrepareForBuild                            1 calls
       48 ms  CustomBuild                                1 calls
       90 ms  Lib                                        1 calls
     9470 ms  ClCompile                                  1 calls

Build succeeded.
    0 Warning(s)
    0 Error(s)

Time Elapsed 00:00:09.63
