Build started 7/15/2025 1:40:45 AM.
Logging verbosity is set to: Normal.     1>Project "D:\Repos\UnrealLogViewer\build\unreal_log_viewer.vcxproj" on node 2 (Build target(s)).
     1>PrepareForBuild:
         Structured output is enabled. The formatting of compiler diagnostics will reflect the error hierarchy. See https://aka.ms/cpp/structured-output for more details.
       InitializeBuildStatus:
         Touching "unreal_log_viewer.dir\Debug\unreal_l.33E8951A.tlog\unsuccessfulbuild".
       CustomBuild:
         All outputs are up-to-date.
     1>Project "D:\Repos\UnrealLogViewer\build\unreal_log_viewer.vcxproj" (1) is building "D:\Repos\UnrealLogViewer\build\ZERO_CHECK.vcxproj" (2:3) on node 2 (GetProjectInfoForReference target(s)).
     2>PrepareForBuild:
         Structured output is enabled. The formatting of compiler diagnostics will reflect the error hierarchy. See https://aka.ms/cpp/structured-output for more details.
     1>Project "D:\Repos\UnrealLogViewer\build\unreal_log_viewer.vcxproj" (1) is building "D:\Repos\UnrealLogViewer\build\_deps\ftxui-build\screen.vcxproj" (4:3) on node 3 (GetProjectInfoForReference target(s)).
     4>PrepareForBuild:
         Structured output is enabled. The formatting of compiler diagnostics will reflect the error hierarchy. See https://aka.ms/cpp/structured-output for more details.
     2>Done Building Project "D:\Repos\UnrealLogViewer\build\ZERO_CHECK.vcxproj" (GetProjectInfoForReference target(s)).
     1>Project "D:\Repos\UnrealLogViewer\build\unreal_log_viewer.vcxproj" (1) is building "D:\Repos\UnrealLogViewer\build\_deps\ftxui-build\dom.vcxproj" (5:3) on node 1 (GetProjectInfoForReference target(s)).
     5>PrepareForBuild:
         Structured output is enabled. The formatting of compiler diagnostics will reflect the error hierarchy. See https://aka.ms/cpp/structured-output for more details.
     1>Project "D:\Repos\UnrealLogViewer\build\unreal_log_viewer.vcxproj" (1) is building "D:\Repos\UnrealLogViewer\build\_deps\ftxui-build\component.vcxproj" (3:3) on node 2 (GetProjectInfoForReference target(s)).
     3>PrepareForBuild:
         Structured output is enabled. The formatting of compiler diagnostics will reflect the error hierarchy. See https://aka.ms/cpp/structured-output for more details.
     4>Done Building Project "D:\Repos\UnrealLogViewer\build\_deps\ftxui-build\screen.vcxproj" (GetProjectInfoForReference target(s)).
     5>Done Building Project "D:\Repos\UnrealLogViewer\build\_deps\ftxui-build\dom.vcxproj" (GetProjectInfoForReference target(s)).
     3>Done Building Project "D:\Repos\UnrealLogViewer\build\_deps\ftxui-build\component.vcxproj" (GetProjectInfoForReference target(s)).
     1>ClCompile:
         C:\Program Files\Microsoft Visual Studio\2022\Community\VC\Tools\MSVC\14.38.33130\bin\HostX64\x64\CL.exe /c /Zi /nologo /W4 /WX- /diagnostics:column /Od /Ob0 /D _MBCS /D WIN32 /D _WINDOWS /D "CMAKE_INTDIR=\"Debug\"" /EHsc /RTC1 /MDd /GS /fp:precise /Zc:wchar_t /Zc:forScope /Zc:inline /GR /std:c++17 /Fo"unreal_log_viewer.dir\Debug\\" /Fd"unreal_log_viewer.dir\Debug\vc143.pdb" /external:W0 /Gd /TP /errorReport:prompt  /external:I "D:/Repos/UnrealLogViewer/build/_deps/ftxui-src/include" /utf-8 D:\Repos\UnrealLogViewer\main.cpp
         main.cpp
       Link:
         C:\Program Files\Microsoft Visual Studio\2022\Community\VC\Tools\MSVC\14.38.33130\bin\HostX64\x64\link.exe /ERRORREPORT:PROMPT /OUT:"D:\Repos\UnrealLogViewer\build\Debug\unreal_log_viewer.exe" /INCREMENTAL /ILK:"unreal_log_viewer.dir\Debug\unreal_log_viewer.ilk" /NOLOGO "_deps\ftxui-build\Debug\ftxui-screen.lib" "_deps\ftxui-build\Debug\ftxui-dom.lib" "_deps\ftxui-build\Debug\ftxui-component.lib" "_deps\ftxui-build\Debug\ftxui-dom.lib" "_deps\ftxui-build\Debug\ftxui-screen.lib" kernel32.lib user32.lib gdi32.lib winspool.lib shell32.lib ole32.lib oleaut32.lib uuid.lib comdlg32.lib advapi32.lib /MANIFEST /MANIFESTUAC:"level='asInvoker' uiAccess='false'" /manifest:embed /DEBUG /PDB:"D:/Repos/UnrealLogViewer/build/Debug/unreal_log_viewer.pdb" /SUBSYSTEM:CONSOLE /TLBID:1 /DYNAMICBASE /NXCOMPAT /IMPLIB:"D:/Repos/UnrealLogViewer/build/Debug/unreal_log_viewer.lib" /MACHINE:X64  /machine:x64 unreal_log_viewer.dir\Debug\main.obj
         unreal_log_viewer.vcxproj -> D:\Repos\UnrealLogViewer\build\Debug\unreal_log_viewer.exe
       FinalizeBuildStatus:
         Deleting file "unreal_log_viewer.dir\Debug\unreal_l.33E8951A.tlog\unsuccessfulbuild".
         Touching "unreal_log_viewer.dir\Debug\unreal_l.33E8951A.tlog\unreal_log_viewer.lastbuildstate".
     1>Done Building Project "D:\Repos\UnrealLogViewer\build\unreal_log_viewer.vcxproj" (Build target(s)).

Project Performance Summary:
        5 ms  D:\Repos\UnrealLogViewer\build\ZERO_CHECK.vcxproj  16 calls
                  0 ms  GetTargetPath                              4 calls
                  0 ms  GetNativeManifest                          4 calls
                  3 ms  GetProjectInfoForReference                 4 calls
                  2 ms  GetCopyToOutputDirectoryItems              4 calls
       11 ms  D:\Repos\UnrealLogViewer\build\_deps\ftxui-build\screen.vcxproj  12 calls
                  0 ms  GetTargetPath                              3 calls
                  0 ms  GetNativeManifest                          3 calls
                  8 ms  GetProjectInfoForReference                 3 calls
                  3 ms  GetCopyToOutputDirectoryItems              3 calls
       16 ms  D:\Repos\UnrealLogViewer\build\_deps\ftxui-build\component.vcxproj   4 calls
                  1 ms  GetTargetPath                              1 calls
                  1 ms  GetNativeManifest                          1 calls
                 12 ms  GetProjectInfoForReference                 1 calls
                  2 ms  GetCopyToOutputDirectoryItems              1 calls
       18 ms  D:\Repos\UnrealLogViewer\build\_deps\ftxui-build\dom.vcxproj   8 calls
                  1 ms  GetTargetPath                              2 calls
                  0 ms  GetNativeManifest                          2 calls
                 13 ms  GetProjectInfoForReference                 2 calls
                  4 ms  GetCopyToOutputDirectoryItems              2 calls
      903 ms  D:\Repos\UnrealLogViewer\build\unreal_log_viewer.vcxproj   1 calls
                903 ms  Build                                      1 calls

Target Performance Summary:
        0 ms  AfterClCompile                             1 calls
        0 ms  DoLinkOutputFilesMatch                     1 calls
        0 ms  MakeDirsForLink                            1 calls
        0 ms  PrepareResourceNames                       1 calls
        0 ms  CreateCustomManifestResourceNames          1 calls
        0 ms  ComputeManifestInputsTargets               1 calls
        0 ms  ComputeReferenceLinkInputs                 1 calls
        0 ms  ComputeResolveLinkObj                      1 calls
        0 ms  ComputeLinkInputsFromProject               1 calls
        0 ms  ComputeCLOutputs                           1 calls
        0 ms  ComputeManifestGeneratedLinkerInputs       1 calls
        0 ms  ComputeRCGeneratedLinkInputs               1 calls
        0 ms  ComputeRCOutputs                           1 calls
        0 ms  ComputeLinkSwitches                        1 calls
        0 ms  BeforeLink                                 1 calls
        0 ms  BuildCompile                               1 calls
        0 ms  _BuildCompileAction                        1 calls
        0 ms  AfterBuildCompileEvent                     1 calls
        0 ms  _ResourceCompile                           1 calls
        0 ms  AfterResourceCompile                       1 calls
        0 ms  MakeDirsForResourceCompile                 1 calls
        0 ms  BeforeResourceCompile                      1 calls
        0 ms  _ClCompile                                 1 calls
        0 ms  SelectClCompile                            1 calls
        0 ms  MakeDirsForCl                              1 calls
        0 ms  ComputeReferenceCLInput                    1 calls
        0 ms  ResolvedLinkLib                            4 calls
        0 ms  BuildLinkTraverse                          1 calls
        0 ms  ComputeStdModulesCompileInputs             4 calls
        0 ms  AfterLink                                  1 calls
        0 ms  _ALink                                     1 calls
        0 ms  IncrementalClean                           1 calls
        0 ms  AfterBuild                                 1 calls
        0 ms  BuildLink                                  1 calls
        0 ms  _BuildLinkAction                           1 calls
        0 ms  PostBuildEvent                             1 calls
        0 ms  PrepareForRun                              1 calls
        0 ms  CopyFilesToOutputDirectory                 1 calls
        0 ms  _CheckForCompileOutputs                    1 calls
        0 ms  _CopySourceItemsToOutputDirectory          1 calls
        0 ms  _GetCopyToOutputDirectoryItemsFromThisProject   5 calls
        0 ms  _PopulateCommonStateForGetCopyToOutputDirectoryItems   5 calls
        0 ms  _Deploy                                    1 calls
        0 ms  _Link                                      1 calls
        0 ms  _Appverifier                               1 calls
        0 ms  ContentFilesProjectOutputGroup             1 calls
        0 ms  SatelliteDllsProjectOutputGroup            1 calls
        0 ms  BuiltProjectOutputGroup                    1 calls
        0 ms  _BscMake                                   1 calls
        0 ms  MakeDirsForBscMake                         1 calls
        0 ms  ComputeCLCompileGeneratedSbrFiles          1 calls
        0 ms  _XdcMake                                   1 calls
        0 ms  MakeDirsForXdcMake                         1 calls
        0 ms  ComputeCLCompileGeneratedXDCFiles          1 calls
        0 ms  ResolvedXDCMake                            1 calls
        0 ms  RegisterOutput                             1 calls
        0 ms  _Manifest                                  1 calls
        0 ms  CreateSatelliteAssemblies                  1 calls
        0 ms  GetProjectInfoForReference                 4 calls
        0 ms  Build                                      1 calls
        0 ms  SelectCustomBuild                          1 calls
        0 ms  _PrepareForReferenceResolution             5 calls
        0 ms  ComputeCustomBuildOutput                   1 calls
        0 ms  _SelectedFiles                             1 calls
        0 ms  PreBuildEvent                              1 calls
        0 ms  BeforeBuildGenerateSources                 1 calls
        0 ms  BeforeResolveReferences                    4 calls
        0 ms  BuildGenerateSourcesTraverse               1 calls
        0 ms  IgnoreJavaScriptOutputAssembly             5 calls
        0 ms  AddLibrariesToProjectsInfoForReference     4 calls
        0 ms  ResolveReferences                          4 calls
        0 ms  CopyFileToFolders                          1 calls
        0 ms  AfterResolveReferences                     4 calls
        0 ms  ExpandSDKReferences                        4 calls
        0 ms  ResolveSDKReferences                       4 calls
        0 ms  _CheckWindowsSDKInstalled                  5 calls
        0 ms  GetReferenceAssemblyPaths                  5 calls
        0 ms  GetFrameworkPaths                          5 calls
        0 ms  GetNativeManifest                          4 calls
        0 ms  GetTargetPath                              4 calls
        0 ms  GetResolvedWinMD                           5 calls
        0 ms  _AddOutputPathToGlobalPropertiesToRemove   5 calls
        0 ms  _RemoveNameMetadataFromProjectReferenceItems   4 calls
        0 ms  ResolveAssemblyReferences                  4 calls
        0 ms  _Xsd                                       1 calls
        0 ms  PrepareProjectReferences                   4 calls
        0 ms  MakeDirsForMidl                            1 calls
        0 ms  AddPublicIncludeDirectoriesToProjectsInfoForReference   4 calls
        0 ms  GetPublicIncludeDirectories                4 calls
        0 ms  SetTelemetryEnvironmentVariables           1 calls
        0 ms  AddDeployRecipeFileToProjectsInfoForReference   4 calls
        0 ms  DisableProjectReferenceRecursionForClInputs   4 calls
        0 ms  ComputeCLInputPDBName                      5 calls
        0 ms  BeforeClCompile                            1 calls
        0 ms  BuildCompileTraverse                       1 calls
        0 ms  BuildGenerateSources                       1 calls
        0 ms  FindReferenceAssembliesForReferences       1 calls
        0 ms  AfterBuildGenerateSourcesEvent             1 calls
        0 ms  ComputeMIDLGeneratedCompileInputs          5 calls
        0 ms  AfterMidl                                  1 calls
        0 ms  _BuildGenerateSourcesAction                1 calls
        0 ms  AddPublicBMIsToProjectsInfoForReference    4 calls
        0 ms  _Midl                                      1 calls
        0 ms  AfterBuildGenerateSources                  1 calls
        0 ms  ComputeCLGeneratedLinkInputs               1 calls
        1 ms  ComputeLegacyManifestEmbedding             1 calls
        1 ms  SplitResourcesByCulture                    1 calls
        1 ms  GetTargetPathWithTargetPlatformMoniker     4 calls
        1 ms  FinalizeBuildStatus                        1 calls
        1 ms  GetCopyToOutputDirectoryXamlAppDefs        5 calls
        1 ms  _SplitProjectReferencesByFileExistence     5 calls
        1 ms  _CleanGetCurrentAndPriorFileWrites         1 calls
        1 ms  AssignTargetPaths                          5 calls
        1 ms  _GenerateSatelliteAssemblyInputs           1 calls
        1 ms  AddExternalIncludDirectoriesToPaths        5 calls
        1 ms  MakeDirsForFxc                             1 calls
        2 ms  _PrepareForBuild                           1 calls
        2 ms  WarnCompileDuplicatedFilename              5 calls
        2 ms  GetResolvedLinkLibs                        4 calls
        2 ms  AssignProjectConfiguration                 5 calls
        2 ms  _GetProjectReferenceTargetFrameworkProperties   5 calls
        2 ms  SetBuildDefaultEnvironmentVariables        5 calls
        2 ms  SetCABuildNativeEnvironmentVariables       5 calls
        2 ms  _CheckForInvalidConfigurationAndPlatform   5 calls
        3 ms  InitializeBuildStatus                      1 calls
        3 ms  TlogCleanup                                1 calls
        5 ms  PrepareForBuild                            5 calls
        7 ms  PreLinkEvent                               1 calls
       10 ms  FixupCLCompileOptions                      4 calls
       10 ms  CustomBuild                                1 calls
       12 ms  CreateRecipeFile                           1 calls
       15 ms  _GetCopyToOutputDirectoryItemsFromTransitiveProjectReferences   5 calls
       16 ms  GetCopyToOutputDirectoryItems              5 calls
       22 ms  GetReferencedVCProjectsInfo                4 calls
       66 ms  ResolveProjectReferences                   4 calls
      130 ms  Link                                       1 calls
      640 ms  ClCompile                                  1 calls

Build succeeded.
    0 Warning(s)
    0 Error(s)

Time Elapsed 00:00:00.90
