Build started 7/15/2025 1:36:12 AM.
Logging verbosity is set to: Normal.     1>Project "D:\Repos\UnrealLogViewer\build\ZERO_CHECK.vcxproj" on node 2 (Build target(s)).
     1>PrepareForBuild:
         Structured output is enabled. The formatting of compiler diagnostics will reflect the error hierarchy. See https://aka.ms/cpp/structured-output for more details.
       InitializeBuildStatus:
         Creating "x64\Debug\ZERO_CHECK\ZERO_CHECK.tlog\unsuccessfulbuild" because "AlwaysCreate" was specified.
         Touching "x64\Debug\ZERO_CHECK\ZERO_CHECK.tlog\unsuccessfulbuild".
       CustomBuild:
         1>Checking Build System
         CMake is re-running because D:/Repos/UnrealLogViewer/build/CMakeFiles/generate.stamp is out-of-date.
           the file 'D:/Repos/UnrealLogViewer/CMakeLists.txt'
           is newer than 'D:/Repos/UnrealLogViewer/build/CMakeFiles/generate.stamp.depend'
           result='-1'
         -- Selecting Windows SDK version 10.0.22621.0 to target Windows 10.0.26100.
         CMake Warning (dev) at C:/Program Files/CMake/share/cmake-3.31/Modules/FetchContent.cmake:1953 (message):
           Calling FetchContent_Populate(ftxui) is deprecated, call
           FetchContent_MakeAvailable(ftxui) instead.  Policy CMP0169 can be set to
           OLD to allow FetchContent_Populate(ftxui) to be called directly for now,
           but the ability to call it with declared details will be removed completely
           in a future version.
         Call Stack (most recent call first):
           CMakeLists.txt:16 (FetchContent_Populate)
         This warning is for project developers.  Use -Wno-dev to suppress it.
         
         -- ΓöîΓöÇ FTXUI options ΓöÇΓöÇΓöÇΓöÇΓöÇΓöÇΓöÇΓöÇΓöÇΓöÇΓöÇΓöÇΓöÇΓöÇΓöÇΓöÇΓöÇΓöÇΓöÇΓöÇΓöÇ
         -- Γöé FTXUI_ENABLE_INSTALL     : ON
         -- Γöé FTXUI_BUILD_EXAMPLES     : OFF
         -- Γöé FTXUI_QUIET              : OFF
         -- Γöé FTXUI_BUILD_DOCS         : OFF
         -- Γöé FTXUI_BUILD_TESTS        : OFF
         -- Γöé FTXUI_BUILD_TESTS_FUZZER : OFF
         -- Γöé FTXUI_ENABLE_COVERAGE    : OFF
         -- Γöé FTXUI_DEV_WARNINGS       : OFF
         -- Γöé FTXUI_CLANG_TIDY         : OFF
         -- ΓööΓöÇΓöÇΓöÇΓöÇΓöÇΓöÇΓöÇΓöÇΓöÇΓöÇΓöÇΓöÇΓöÇΓöÇΓöÇΓöÇΓöÇΓöÇΓöÇΓöÇΓöÇΓöÇΓöÇΓöÇΓöÇΓöÇΓöÇΓöÇΓöÇΓöÇΓöÇΓöÇΓöÇΓöÇΓöÇΓöÇΓöÇ
         -- Configuring done (0.9s)
         -- Generating done (0.1s)
         -- Build files have been written to: D:/Repos/UnrealLogViewer/build
       FinalizeBuildStatus:
         Deleting file "x64\Debug\ZERO_CHECK\ZERO_CHECK.tlog\unsuccessfulbuild".
         Touching "x64\Debug\ZERO_CHECK\ZERO_CHECK.tlog\ZERO_CHECK.lastbuildstate".
     1>Done Building Project "D:\Repos\UnrealLogViewer\build\ZERO_CHECK.vcxproj" (Build target(s)).

Project Performance Summary:
     1205 ms  D:\Repos\UnrealLogViewer\build\ZERO_CHECK.vcxproj   1 calls
               1205 ms  Build                                      1 calls

Target Performance Summary:
        0 ms  CopyFileToFolders                          1 calls
        0 ms  ComputeCustomBuildOutput                   1 calls
        0 ms  _Xsd                                       1 calls
        0 ms  MakeDirsForMidl                            1 calls
        0 ms  ComputeMIDLGeneratedCompileInputs          1 calls
        0 ms  AfterMidl                                  1 calls
        0 ms  _Midl                                      1 calls
        0 ms  AfterBuildGenerateSources                  1 calls
        0 ms  _BuildGenerateSourcesAction                1 calls
        0 ms  BuildGenerateSources                       1 calls
        0 ms  BuildCompileTraverse                       1 calls
        0 ms  _BuildCompileAction                        1 calls
        0 ms  BuildCompile                               1 calls
        0 ms  SelectCustomBuild                          1 calls
        0 ms  BuildLinkTraverse                          1 calls
        0 ms  SplitResourcesByCulture                    1 calls
        0 ms  CreateCustomManifestResourceNames          1 calls
        0 ms  PrepareResourceNames                       1 calls
        0 ms  SatelliteDllsProjectOutputGroup            1 calls
        0 ms  MakeDirsForFxc                             1 calls
        0 ms  GetReferencedVCProjectsInfo                1 calls
        0 ms  PostBuildEvent                             1 calls
        0 ms  _BuildLinkAction                           1 calls
        0 ms  BuildLink                                  1 calls
        0 ms  AfterBuild                                 1 calls
        0 ms  _CheckForCompileOutputs                    1 calls
        0 ms  IncrementalClean                           1 calls
        0 ms  BuiltProjectOutputGroup                    1 calls
        0 ms  _SelectedFiles                             1 calls
        0 ms  Build                                      1 calls
        0 ms  BeforeBuildGenerateSources                 1 calls
        0 ms  ResolveProjectReferences                   1 calls
        0 ms  GetFrameworkPaths                          1 calls
        0 ms  PreBuildEvent                              1 calls
        0 ms  GetReferenceAssemblyPaths                  1 calls
        0 ms  AddExternalIncludDirectoriesToPaths        1 calls
        0 ms  _SplitProjectReferencesByFileExistence     1 calls
        0 ms  GetResolvedWinMD                           1 calls
        0 ms  _CheckWindowsSDKInstalled                  1 calls
        0 ms  SetCABuildNativeEnvironmentVariables       1 calls
        0 ms  PrepareProjectReferences                   1 calls
        0 ms  AssignProjectConfiguration                 1 calls
        0 ms  ResolveSDKReferences                       1 calls
        0 ms  ExpandSDKReferences                        1 calls
        0 ms  ResolveAssemblyReferences                  1 calls
        0 ms  AfterResolveReferences                     1 calls
        0 ms  ResolveReferences                          1 calls
        0 ms  BeforeResolveReferences                    1 calls
        0 ms  _PrepareForReferenceResolution             1 calls
        0 ms  _PrepareForBuild                           1 calls
        0 ms  BuildGenerateSourcesTraverse               1 calls
        0 ms  _AddOutputPathToGlobalPropertiesToRemove   1 calls
        1 ms  AfterBuildGenerateSourcesEvent             1 calls
        1 ms  AssignTargetPaths                          1 calls
        1 ms  ContentFilesProjectOutputGroup             1 calls
        1 ms  _CleanGetCurrentAndPriorFileWrites         1 calls
        1 ms  IgnoreJavaScriptOutputAssembly             1 calls
        1 ms  SetBuildDefaultEnvironmentVariables        1 calls
        1 ms  FinalizeBuildStatus                        1 calls
        3 ms  SetTelemetryEnvironmentVariables           1 calls
        3 ms  TlogCleanup                                1 calls
        5 ms  PrepareForBuild                            1 calls
        5 ms  InitializeBuildStatus                      1 calls
        7 ms  _CheckForInvalidConfigurationAndPlatform   1 calls
       10 ms  CreateRecipeFile                           1 calls
       34 ms  _GetProjectReferenceTargetFrameworkProperties   1 calls
     1130 ms  CustomBuild                                1 calls

Build succeeded.
    0 Warning(s)
    0 Error(s)

Time Elapsed 00:00:01.20
